--- 2021/03/06-18:37 Chargement module '/Users/philippeperret/Sites/Taches/ajax/ajax/required/system/String_RTF.rb'
--- 2021/03/06-18:37 Chargement module '/Users/philippeperret/Sites/Taches/ajax/ajax/required/system/db.rb'
--- 2021/03/06-18:37 Nombre de fichiers .DS_Store détruits : 0
--- 2021/03/06-18:37 Chargement module '/Users/philippeperret/Sites/Taches/ajax/ajax/required/system/String_RTF.rb'
--- 2021/03/06-18:37 Chargement module '/Users/philippeperret/Sites/Taches/ajax/ajax/required/system/db.rb'
--- 2021/03/06-18:37 Nombre de fichiers .DS_Store détruits : 0
--- 2021/03/06-18:37 Chargement module '/Users/philippeperret/Sites/Taches/ajax/ajax/required/system/String_RTF.rb'
--- 2021/03/06-18:37 Chargement module '/Users/philippeperret/Sites/Taches/ajax/ajax/required/system/db.rb'
--- 2021/03/06-18:37 Nombre de fichiers .DS_Store détruits : 0
--- 2021/03/06-18:37 Chargement module '/Users/philippeperret/Sites/Taches/ajax/ajax/required/system/String_RTF.rb'
--- 2021/03/06-18:37 Chargement module '/Users/philippeperret/Sites/Taches/ajax/ajax/required/system/db.rb'
--- 2021/03/06-18:37 Nombre de fichiers .DS_Store détruits : 0
--- 2021/03/06-18:37 -> Tache::get(9::Integer)
--- 2021/03/06-18:37 -> création d'une nouvelle donnée : {:id=>9, :content=>"Une quatri\u00E8me encore", :labels=>"", :echeance=>"", :duree=>"", :priority=>"5"}
--- 2021/03/06-18:37 Taches avant ajout : {nil=>#<Tache:0x00007f8a0b06e950 @data={"id"=>8, "content"=>"Une troisi\u00E8me t\u00E2che", "labels"=>"", "echeance"=>"", "duree"=>"", "priority"=>"5"}>}
--- 2021/03/06-18:37 Taches après ajout : {nil=>#<Tache:0x00007f8a0b06e950 @data={"id"=>8, "content"=>"Une troisi\u00E8me t\u00E2che", "labels"=>"", "echeance"=>"", "duree"=>"", "priority"=>"5"}>, 9=>#<Tache:0x00007f8a0b06e270 @data={:id=>9, :content=>"Une quatri\u00E8me encore", :labels=>"", :echeance=>"", :duree=>"", :priority=>"5"}>}
--- 2021/03/06-18:37 Data avant sauvegarde : {:taches=>[{"id"=>8, "content"=>"Une troisi\u00E8me t\u00E2che", "labels"=>"", "echeance"=>"", "duree"=>"", "priority"=>"5"}], :create_at=>"2021/03/06-18:36", :updated_at=>"2021/03/06-18:36"}
--- 2021/03/06-18:37 Data après classement : {:taches=>[{"id"=>8, "content"=>"Une troisi\u00E8me t\u00E2che", "labels"=>"", "echeance"=>"", "duree"=>"", "priority"=>"5"}, {:id=>9, :content=>"Une quatri\u00E8me encore", :labels=>"", :echeance=>"", :duree=>"", :priority=>"5"}], :create_at=>"2021/03/06-18:37", :updated_at=>"2021/03/06-18:37"}
--- 2021/03/06-18:40 Chargement module '/Users/philippeperret/Sites/Taches/ajax/ajax/required/system/String_RTF.rb'
--- 2021/03/06-18:40 Chargement module '/Users/philippeperret/Sites/Taches/ajax/ajax/required/system/db.rb'
--- 2021/03/06-18:40 Nombre de fichiers .DS_Store détruits : 0
--- 2021/03/06-18:40 Chargement module '/Users/philippeperret/Sites/Taches/ajax/ajax/required/system/String_RTF.rb'
--- 2021/03/06-18:40 Chargement module '/Users/philippeperret/Sites/Taches/ajax/ajax/required/system/db.rb'
--- 2021/03/06-18:40 Nombre de fichiers .DS_Store détruits : 0
--- 2021/03/06-18:40 Chargement module '/Users/philippeperret/Sites/Taches/ajax/ajax/required/system/String_RTF.rb'
--- 2021/03/06-18:40 Chargement module '/Users/philippeperret/Sites/Taches/ajax/ajax/required/system/db.rb'
--- 2021/03/06-18:40 Nombre de fichiers .DS_Store détruits : 0
--- 2021/03/06-18:41 Chargement module '/Users/philippeperret/Sites/Taches/ajax/ajax/required/system/String_RTF.rb'
--- 2021/03/06-18:41 Chargement module '/Users/philippeperret/Sites/Taches/ajax/ajax/required/system/db.rb'
--- 2021/03/06-18:41 Nombre de fichiers .DS_Store détruits : 0
--- 2021/03/06-18:41 Chargement module '/Users/philippeperret/Sites/Taches/ajax/ajax/required/system/String_RTF.rb'
--- 2021/03/06-18:41 Chargement module '/Users/philippeperret/Sites/Taches/ajax/ajax/required/system/db.rb'
--- 2021/03/06-18:41 Nombre de fichiers .DS_Store détruits : 0
--- 2021/03/06-18:41 Chargement module '/Users/philippeperret/Sites/Taches/ajax/ajax/required/system/String_RTF.rb'
--- 2021/03/06-18:41 Chargement module '/Users/philippeperret/Sites/Taches/ajax/ajax/required/system/db.rb'
--- 2021/03/06-18:41 Nombre de fichiers .DS_Store détruits : 0
--- 2021/03/06-18:44 Chargement module '/Users/philippeperret/Sites/Taches/ajax/ajax/required/system/String_RTF.rb'
--- 2021/03/06-18:44 Chargement module '/Users/philippeperret/Sites/Taches/ajax/ajax/required/system/db.rb'
--- 2021/03/06-18:44 Nombre de fichiers .DS_Store détruits : 0
--- 2021/03/06-18:44 Chargement module '/Users/philippeperret/Sites/Taches/ajax/ajax/required/system/String_RTF.rb'
--- 2021/03/06-18:44 Chargement module '/Users/philippeperret/Sites/Taches/ajax/ajax/required/system/db.rb'
--- 2021/03/06-18:44 Nombre de fichiers .DS_Store détruits : 0
--- 2021/03/06-18:44 Chargement module '/Users/philippeperret/Sites/Taches/ajax/ajax/required/system/String_RTF.rb'
--- 2021/03/06-18:44 Chargement module '/Users/philippeperret/Sites/Taches/ajax/ajax/required/system/db.rb'
--- 2021/03/06-18:44 Nombre de fichiers .DS_Store détruits : 0
